alphcont.c
alphcont.h
autil.c
bitpool.c
bitpool.h
bit_util.c
bit_util.h
blasthit.c
blast_io.c
blastout.c
blastout.h
blaststr.c
bpaste.c
ccase.c
chardump.c
cmake.c
color.c
color.h
competfb.c
competfb.h
comp_seq.c
comp_seq.h
dfutil.c
divinds.c
divinds.h
dna.c
dna_char.c
dna_comp.c
dna_cons.c
dna_cons.h
dna_file.c
dna.h
dna_in.c
dna_loop.c
dna_out.c
dna_pair.c
dna_pair.h
dna_pp.c
dna_prob.c
dna_seqs.c
dna_snp.c
dna_splc.c
dna_tm.c
dna_util.c
dna_util.h
dset.c
dset_tm.c
dset_tm.h
fbound.c
fbound.h
filepick.c
filepick.h
filter.c
filter.h
fname.c
fold.h
fold_vars.h
gen_clis.c
gen_nums.c
gen_nums.h
gen_prot.c
gen_seq.c
gen_seq.h
getsnps.c
getsnps.h
histogram.c
histogram.h
lassoo.c
lassoo.h
mutil.c
mut_info.c
mut_info.h
num.c
numlist.c
numlist.h
numstat.c
numstat.h
part_func.h
pick_seq.c
pick_seq.h
plot_lib.h
plot_spec.c
prim.h
putil.c
score.c
score.h
score_io.c
scoretab.c
scoretab.h
sctab_ga.c
sctab_mix.c
sctab_part.c
sctab_sc.c
sctab_str.c
seq_info.c
seq_info.h
seqtweak.c
seqtweak.h
shuffle.c
snp_char.c
stat.c
stat.h
sutil.c
sysinfo.c
table.c
table.h
table_io.c
table_ops.c
table_stat.c
table_str.c
table_val.c
table_wf.c
tm_io.c
tm_pars.c
tm_pars.h
tm_util.c
tm_util.h
util.c
utils.h
ven_engy.c
ven_io.c
venpipe.c
venpipe.h
ven_salt.c
ven_str.c
wfmerge.c
wfmerge.h
wfutil.c
wfutil.h
wordfreq.c
wordfreq.h
wordlist.c
wordlist.h
